<?xml version="1.0" encoding="UTF-8"?>
<testng-results ignored="0" total="1" passed="1" failed="0" skipped="0">
  <reporter-output>
  </reporter-output>
  <suite started-at="2021-12-29T11:14:43 IST" name="Default suite" finished-at="2021-12-29T11:15:36 IST" duration-ms="53451">
    <groups>
    </groups>
    <test started-at="2021-12-29T11:14:43 IST" name="Default test" finished-at="2021-12-29T11:15:36 IST" duration-ms="53451">
      <class name="casestudy.ksrtc">
        <test-method signature="f()[pri:0, instance:casestudy.ksrtc@1eb5174b]" started-at="2021-12-29T11:14:43 IST" name="f" finished-at="2021-12-29T11:15:36 IST" duration-ms="53392" status="PASS">
          <reporter-output>
          </reporter-output>
        </test-method> <!-- f -->
      </class> <!-- casestudy.ksrtc -->
    </test> <!-- Default test -->
  </suite> <!-- Default suite -->
</testng-results>
